{
  "RSpec": {
    "coverage": {
      "/Users/Emil/Dropbox/Makers Academy/Projects/find_my_image/spec/features/colours_spec.rb": [
        1,
        1,
        1,
        1,
        1,
        1,
        1,
        1,
        1,
        1,
        null,
        null,
        1,
        1,
        1,
        null,
        null
      ],
      "/Users/Emil/Dropbox/Makers Academy/Projects/find_my_image/spec/features/show_images_spec.rb": [
        1,
        null,
        1,
        2,
        2,
        null,
        null,
        1,
        1,
        null,
        null,
        1,
        2,
        null,
        null
      ],
      "/Users/Emil/Dropbox/Makers Academy/Projects/find_my_image/spec/models/format_spec.rb": [
        1,
        null,
        1,
        3,
        3,
        3,
        null,
        null,
        1,
        1,
        1,
        null,
        null,
        null,
        1,
        1,
        1,
        null,
        null,
        null
      ],
      "/Users/Emil/Dropbox/Makers Academy/Projects/find_my_image/spec/models/noun_spec.rb": [
        1,
        null,
        1,
        2,
        null,
        1,
        1,
        1,
        1,
        null,
        null,
        null
      ],
      "/Users/Emil/Dropbox/Makers Academy/Projects/find_my_image/spec/models/result_spec.rb": [
        1,
        null,
        1,
        4,
        4,
        4,
        null,
        1,
        1,
        1,
        1,
        null,
        null,
        null,
        1,
        1,
        1,
        1,
        null,
        null,
        null,
        1,
        1,
        1,
        1,
        null,
        null,
        null,
        null,
        null,
        null,
        null
      ],
      "/Users/Emil/Dropbox/Makers Academy/Projects/find_my_image/spec/models/search_spec.rb": [
        1,
        null,
        1,
        3,
        3,
        2,
        null,
        1,
        1,
        1,
        null,
        null,
        null,
        1,
        1,
        1,
        1,
        1,
        null,
        null,
        null
      ]
    },
    "timestamp": 1498040265
  }
}
